<?xml version="1.0" encoding="UTF-8"?>
<testsuites name="jest tests" tests="2" failures="0" errors="0" time="0.222">
  <testsuite name="Todo API Tests" errors="0" failures="0" skipped="0" timestamp="2026-03-24T14:44:47" time="0.19" tests="2">
    <testcase classname="Todo API Tests GET / should return 200" name="Todo API Tests GET / should return 200" time="0.007">
    </testcase>
    <testcase classname="Todo API Tests basic math works" name="Todo API Tests basic math works" time="0">
    </testcase>
  </testsuite>
</testsuites>